<?xml version="1.0" encoding="UTF-8"?>
<!-- Generated by org.testng.reporters.JUnitReportReporter -->
<testsuite hostname="LAPTOP-EUEQ3T0H" failures="0" tests="1" name="FinalProjectTestRunner.FinalProjectRunner" time="3.109" errors="0" timestamp="2023-03-17T19:48:37 MDT" skipped="0">
  <testcase classname="FinalProjectTestRunner.FinalProjectRunner" name="feature" time="3.109"/>
  <system-out/>
</testsuite> <!-- FinalProjectTestRunner.FinalProjectRunner -->
